<?xml version="1.0" encoding="UTF-8"?>
<testsuite name="pt.fabiomatos.mystringlibrary.ExampleUnitTest" tests="1" skipped="0" failures="0" errors="0" timestamp="2024-08-27T10:21:54" hostname="DESKTOP-OFQEQFN" time="0.0">
  <properties/>
  <testcase name="addition_isCorrect" classname="pt.fabiomatos.mystringlibrary.ExampleUnitTest" time="0.0"/>
  <system-out><![CDATA[]]></system-out>
  <system-err><![CDATA[]]></system-err>
</testsuite>
